<?xml version="1.0" encoding="UTF-8"?>
<!-- Generated by org.testng.reporters.JUnitReportReporter -->
<testsuite hostname="DESKTOP-VL5GMH9" failures="0" tests="2" name="TestCases.LoginTests" time="25.112" errors="0" timestamp="2024-09-08T12:59:07 IST" skipped="0">
  <testcase classname="TestCases.LoginTests" name="placeOrderDataProvider" time="12.822"/>
  <testcase classname="TestCases.LoginTests" name="placeOrderDataProvider" time="12.290"/>
</testsuite> <!-- TestCases.LoginTests -->
