<?xml version="1.0" encoding="UTF-8"?>
<!-- Generated by org.testng.reporters.JUnitReportReporter -->
<testsuite hostname="DESKTOP-VL5GMH9" failures="0" tests="1" name="TestCases.LoginTests" time="12.225" errors="0" timestamp="2024-09-08T15:15:06 IST" skipped="0">
  <testcase classname="TestCases.LoginTests" name="placeOrder" time="12.225"/>
</testsuite> <!-- TestCases.LoginTests -->
