<?xml version="1.0" encoding="UTF-8"?>
<!-- Generated by org.testng.reporters.JUnitReportReporter -->
<testsuite hostname="DESKTOP-VL5GMH9" failures="0" tests="3" name="TestCases.LoginTests" time="34.666" errors="0" timestamp="2024-09-08T11:05:24 IST" skipped="0">
  <testcase classname="TestCases.LoginTests" name="placeOrderDataProvider" time="10.945"/>
  <testcase classname="TestCases.LoginTests" name="placeOrder" time="12.753"/>
  <testcase classname="TestCases.LoginTests" name="placeOrderDataProvider" time="10.968"/>
</testsuite> <!-- TestCases.LoginTests -->
